<?xml version="1.0" encoding="UTF-8"?>
<testng-results skipped="0" failed="0" ignored="0" total="1" passed="1">
  <reporter-output>
  </reporter-output>
  <suite name="Default suite" duration-ms="1812" started-at="2021-01-18T05:06:49Z" finished-at="2021-01-18T05:06:51Z">
    <groups>
    </groups>
    <test name="Default test" duration-ms="1812" started-at="2021-01-18T05:06:49Z" finished-at="2021-01-18T05:06:51Z">
      <class name="database_Testing_Using_MySQL.ConnectMySQL">
        <test-method status="PASS" signature="testDb()[pri:0, instance:database_Testing_Using_MySQL.ConnectMySQL@29774679]" name="testDb" duration-ms="1772" started-at="2021-01-18T10:36:49Z" finished-at="2021-01-18T10:36:51Z">
          <reporter-output>
          </reporter-output>
        </test-method> <!-- testDb -->
      </class> <!-- database_Testing_Using_MySQL.ConnectMySQL -->
    </test> <!-- Default test -->
  </suite> <!-- Default suite -->
</testng-results>
